[32m[0129 02:26:11 @logger.py:90][0m Argv: /home/nmashkoor/anaconda3/envs/py37/lib/python3.7/site-packages/ipykernel_launcher.py --ip=127.0.0.1 --stdin=9003 --control=9001 --hb=9000 --Session.signature_scheme="hmac-sha256" --Session.key=b"ed0c5ea5-ac64-4831-a1d0-09bb921f3299" --shell=9002 --transport="tcp" --iopub=9004 --f=/tmp/tmp-291TZKzP6NlDRv5.json
[32m[0129 02:26:11 @model_utils.py:67][0m [36mList of Trainable Variables: 
[0mname                              shape            #elements
--------------------------------  -------------  -----------
gen/LSTM/go:0                     [1, 100]               100
gen/LSTM/lstm_cell/kernel:0       [500, 400]          200000
gen/LSTM/lstm_cell/bias:0         [400]                  400
gen/LSTM/00/FC/W:0                [100, 100]           10000
gen/LSTM/00/FC/b:0                [100]                  100
gen/LSTM/00/FC2/W:0               [100, 31586]       3158600
gen/LSTM/00/FC2/b:0               [31586]              31586
gen/LSTM/00/FC3/W:0               [31586, 100]       3158600
gen/LSTM/00/FC3/b:0               [100]                  100
gen/LSTM/00/attw:0                [1, 1, 1]                1
gen/LSTM/01/FC/W:0                [100, 100]           10000
gen/LSTM/01/FC/b:0                [100]                  100
gen/LSTM/01/FC2/W:0               [100, 36005]       3600500
gen/LSTM/01/FC2/b:0               [36005]              36005
gen/LSTM/01/FC3/W:0               [36005, 100]       3600500
gen/LSTM/01/FC3/b:0               [100]                  100
gen/LSTM/01/attw:0                [2, 1, 1]                2
gen/LSTM/02/FC/W:0                [100, 100]           10000
gen/LSTM/02/FC/b:0                [100]                  100
gen/LSTM/02/FC2/W:0               [100, 35973]       3597300
gen/LSTM/02/FC2/b:0               [35973]              35973
gen/LSTM/02/FC3/W:0               [35973, 100]       3597300
gen/LSTM/02/FC3/b:0               [100]                  100
gen/LSTM/02/attw:0                [3, 1, 1]                3
gen/LSTM/03/FC/W:0                [100, 100]           10000
gen/LSTM/03/FC/b:0                [100]                  100
gen/LSTM/03/FC2/W:0               [100, 36021]       3602100
gen/LSTM/03/FC2/b:0               [36021]              36021
gen/LSTM/03/FC3/W:0               [36021, 100]       3602100
gen/LSTM/03/FC3/b:0               [100]                  100
gen/LSTM/03/attw:0                [4, 1, 1]                4
gen/LSTM/04/FC/W:0                [100, 100]           10000
gen/LSTM/04/FC/b:0                [100]                  100
gen/LSTM/04/FC2/W:0               [100, 35999]       3599900
gen/LSTM/04/FC2/b:0               [35999]              35999
gen/LSTM/04/FC3/W:0               [35999, 100]       3599900
gen/LSTM/04/FC3/b:0               [100]                  100
gen/LSTM/04/attw:0                [5, 1, 1]                5
gen/LSTM/05/FC/W:0                [100, 100]           10000
gen/LSTM/05/FC/b:0                [100]                  100
gen/LSTM/05/FC2/W:0               [100, 12]             1200
gen/LSTM/05/FC2/b:0               [12]                    12
gen/LSTM/05/FC3/W:0               [12, 100]             1200
gen/LSTM/05/FC3/b:0               [100]                  100
gen/LSTM/05/attw:0                [6, 1, 1]                6
gen/LSTM/06/FC/W:0                [100, 100]           10000
gen/LSTM/06/FC/b:0                [100]                  100
gen/LSTM/06/FC2/W:0               [100, 35912]       3591200
gen/LSTM/06/FC2/b:0               [35912]              35912
gen/LSTM/06/FC3/W:0               [35912, 100]       3591200
gen/LSTM/06/FC3/b:0               [100]                  100
gen/LSTM/06/attw:0                [7, 1, 1]                7
gen/LSTM/07/FC/W:0                [100, 100]           10000
gen/LSTM/07/FC/b:0                [100]                  100
gen/LSTM/07/FC2/W:0               [100, 36038]       3603800
gen/LSTM/07/FC2/b:0               [36038]              36038
gen/LSTM/07/FC3/W:0               [36038, 100]       3603800
gen/LSTM/07/FC3/b:0               [100]                  100
gen/LSTM/07/attw:0                [8, 1, 1]                8
gen/LSTM/08/FC/W:0                [100, 100]           10000
gen/LSTM/08/FC/b:0                [100]                  100
gen/LSTM/08/FC2/W:0               [100, 2]               200
gen/LSTM/08/FC2/b:0               [2]                      2
gen/LSTM/08/FC3/W:0               [2, 100]               200
gen/LSTM/08/FC3/b:0               [100]                  100
gen/LSTM/08/attw:0                [9, 1, 1]                9
gen/LSTM/09/FC/W:0                [100, 100]           10000
gen/LSTM/09/FC/b:0                [100]                  100
gen/LSTM/09/FC2/W:0               [100, 39999]       3999900
gen/LSTM/09/FC2/b:0               [39999]              39999
gen/LSTM/09/FC3/W:0               [39999, 100]       3999900
gen/LSTM/09/FC3/b:0               [100]                  100
gen/LSTM/09/attw:0                [10, 1, 1]              10
gen/LSTM/10/FC/W:0                [100, 100]           10000
gen/LSTM/10/FC/b:0                [100]                  100
gen/LSTM/10/FC2/W:0               [100, 39993]       3999300
gen/LSTM/10/FC2/b:0               [39993]              39993
gen/LSTM/10/FC3/W:0               [39993, 100]       3999300
gen/LSTM/10/FC3/b:0               [100]                  100
gen/LSTM/10/attw:0                [11, 1, 1]              11
gen/LSTM/11/FC/W:0                [100, 100]           10000
gen/LSTM/11/FC/b:0                [100]                  100
gen/LSTM/11/FC2/W:0               [100, 4]               400
gen/LSTM/11/FC2/b:0               [4]                      4
gen/LSTM/11/FC3/W:0               [4, 100]               400
gen/LSTM/11/FC3/b:0               [100]                  100
gen/LSTM/11/attw:0                [12, 1, 1]              12
gen/LSTM/12/FC/W:0                [100, 100]           10000
gen/LSTM/12/FC/b:0                [100]                  100
gen/LSTM/12/FC2/W:0               [100, 39998]       3999800
gen/LSTM/12/FC2/b:0               [39998]              39998
gen/LSTM/12/FC3/W:0               [39998, 100]       3999800
gen/LSTM/12/FC3/b:0               [100]                  100
gen/LSTM/12/attw:0                [13, 1, 1]              13
gen/LSTM/13/FC/W:0                [100, 100]           10000
gen/LSTM/13/FC/b:0                [100]                  100
gen/LSTM/13/FC2/W:0               [100, 2]               200
gen/LSTM/13/FC2/b:0               [2]                      2
gen/LSTM/13/FC3/W:0               [2, 100]               200
gen/LSTM/13/FC3/b:0               [100]                  100
gen/LSTM/13/attw:0                [14, 1, 1]              14
discrim/dis_fc0/fc/W:0            [367544, 100]     36754400
discrim/dis_fc0/fc/b:0            [100]                  100
discrim/dis_fc0/fc_diversity/W:0  [100, 100]           10000
discrim/dis_fc0/fc_diversity/b:0  [100]                  100
discrim/dis_fc0/bn/beta:0         [110]                  110
discrim/dis_fc_top/W:0            [110, 1]               110
discrim/dis_fc_top/b:0            [1]                      1[36m
Number of trainable variables: 108
Number of parameters (elements): 110984570
Storage space needed for all trainable variables: 423.37MB[0m
[32m[0129 02:26:11 @base.py:209][0m Setup callbacks graph ...
[32m[0129 02:26:11 @summary.py:46][0m [MovingAverageSummary] 6 operations in collection 'MOVING_SUMMARY_OPS' will be run with session hooks.
[32m[0129 02:26:11 @summary.py:93][0m Summarizing collection 'summaries' of size 9.
[32m[0129 02:26:11 @graph.py:98][0m Applying collection UPDATE_OPS of 4 ops.
[32m[0129 02:26:14 @base.py:230][0m Creating the session ...
[32m[0129 02:26:27 @base.py:236][0m Initializing the session ...
[32m[0129 02:26:27 @base.py:243][0m Graph Finalized.
[32m[0129 02:26:28 @concurrency.py:38][0m Starting EnqueueThread QueueInput/input_queue ...
[32m[0129 02:26:28 @base.py:275][0m Start Epoch 1 ...
[32m[0129 02:29:50 @base.py:293][0m Detected Ctrl-C and exiting main loop.
[32m[0129 02:29:57 @input_source.py:178][0m EnqueueThread QueueInput/input_queue Exited.
